Exporting package to 'E:\Facultad\Sistemas Automáticos de Detección y Corrección de Fallas I\Tps\TpFinal\Documentacion\4 - Modelo Dinámico\clase.xml'
Retrieving data for export: packages
Retrieving data for export: diagram elements
Retrieving data for export: links
Retrieving data for export: constraints
Retrieving data for export: attribute tagged values
Retrieving data for export: operation tagged values
Retrieving data for export: operation parameter tagged values
Retrieving data for export: connector tagged values
Completed data retrieval
Pre-processing export tree...
Completed pre-processing
***** Processing package: Class Model *****
Element:0: 1.1
Element:1: 
Element:2: 1.2
Element:3: System
Element:4: 2.1
Element:5: 2
Element:6: 0
Element:7: Frameworks
Element:8: 1
Element:9: 3
Element:10: Class1
Diagram: Class Model
***** Processing package: System *****
Element:11: Class1
Element:12: Class2
Element:13: Interface1
Element:14: Class3
Diagram: System
***** Processing package: Frameworks *****
Element:15: Note
Diagram: Frameworks
Formatting output XML...please wait
XMI Document Export Complete!
